<?xml version="1.0" encoding="UTF-8"?>
<!-- Generated by org.testng.reporters.JUnitReportReporter -->
<testsuite hostname="Daman-Studios" failures="0" tests="1" name="businessLogic.SumOFCource" time="1.813" errors="0" timestamp="2023-07-10T22:19:54 IST" skipped="0">
  <testcase classname="businessLogic.SumOFCource" name="sum" time="1.813"/>
</testsuite> <!-- businessLogic.SumOFCource -->
