<?xml version="1.0" encoding="UTF-8"?>
<!-- Generated by org.testng.reporters.JUnitReportReporter -->
<testsuite hostname="Daman-Studios" failures="0" tests="1" name="businessLogic.DynamicJson" time="2.125" errors="0" timestamp="2023-07-10T22:52:27 IST" skipped="0">
  <testcase classname="businessLogic.DynamicJson" name="addBook" time="2.125"/>
</testsuite> <!-- businessLogic.DynamicJson -->
