<?xml version="1.0" encoding="UTF-8"?>
<!-- Generated by org.testng.reporters.JUnitReportReporter -->
<testsuite hostname="Daman-Studios" failures="0" tests="3" name="businessLogic.DynamicJson" time="2.333" errors="0" timestamp="2023-07-11T22:47:34 IST" skipped="0">
  <testcase classname="businessLogic.DynamicJson" name="addBook" time="2.075"/>
  <testcase classname="businessLogic.DynamicJson" name="addBook" time="0.122"/>
  <testcase classname="businessLogic.DynamicJson" name="addBook" time="0.136"/>
</testsuite> <!-- businessLogic.DynamicJson -->
